<?xml version="1.0" encoding="UTF-8"?>
<testsuite name="ironpeace.jobflow.Part1JobFlowTest" time="12.244" tests="1" errors="0" skipped="0" failures="1">
  <properties>
    <property name="java.runtime.name" value="Java(TM) SE Runtime Environment"/>
    <property name="sun.boot.library.path" value="/System/Library/Java/JavaVirtualMachines/1.6.0.jdk/Contents/Libraries"/>
    <property name="java.vm.version" value="20.45-b01-451"/>
    <property name="awt.nativeDoubleBuffering" value="true"/>
    <property name="gopherProxySet" value="false"/>
    <property name="mrj.build" value="10M4406"/>
    <property name="java.vm.vendor" value="Apple Inc."/>
    <property name="java.vendor.url" value="http://www.apple.com/"/>
    <property name="path.separator" value=":"/>
    <property name="guice.disable.misplaced.annotation.check" value="true"/>
    <property name="java.vm.name" value="Java HotSpot(TM) 64-Bit Server VM"/>
    <property name="file.encoding.pkg" value="sun.io"/>
    <property name="user.country" value="JP"/>
    <property name="sun.java.launcher" value="SUN_STANDARD"/>
    <property name="sun.os.patch.level" value="unknown"/>
    <property name="java.vm.specification.name" value="Java Virtual Machine Specification"/>
    <property name="user.dir" value="/Users/ITPUser/dev/asakusa/asakusa-develop/workspace/flowpartsample"/>
    <property name="java.runtime.version" value="1.6.0_45-b06-451-10M4406"/>
    <property name="java.awt.graphicsenv" value="apple.awt.CGraphicsEnvironment"/>
    <property name="java.endorsed.dirs" value="/System/Library/Java/JavaVirtualMachines/1.6.0.jdk/Contents/Home/lib/endorsed"/>
    <property name="os.arch" value="x86_64"/>
    <property name="java.io.tmpdir" value="/var/folders/fE/fECDJocTFziXYxaZkbHIqk+++TM/-Tmp-/"/>
    <property name="line.separator" value="&#10;"/>
    <property name="java.vm.specification.vendor" value="Sun Microsystems Inc."/>
    <property name="os.name" value="Mac OS X"/>
    <property name="classworlds.conf" value="/usr/share/maven/bin/m2.conf"/>
    <property name="sun.jnu.encoding" value="SJIS"/>
    <property name="java.library.path" value=".:/Library/Java/Extensions:/System/Library/Java/Extensions:/usr/lib/java"/>
    <property name="java.specification.name" value="Java Platform API Specification"/>
    <property name="java.class.version" value="50.0"/>
    <property name="sun.management.compiler" value="HotSpot 64-Bit Tiered Compilers"/>
    <property name="os.version" value="10.6.8"/>
    <property name="http.nonProxyHosts" value="local|*.local|169.254/16|*.169.254/16"/>
    <property name="user.home" value="/Users/ITPUser"/>
    <property name="user.timezone" value="Asia/Tokyo"/>
    <property name="java.awt.printerjob" value="apple.awt.CPrinterJob"/>
    <property name="java.specification.version" value="1.6"/>
    <property name="file.encoding" value="SJIS"/>
    <property name="user.name" value="ITPUser"/>
    <property name="java.class.path" value="/usr/share/maven/boot/plexus-classworlds-2.4.jar"/>
    <property name="java.vm.specification.version" value="1.0"/>
    <property name="sun.arch.data.model" value="64"/>
    <property name="java.home" value="/System/Library/Java/JavaVirtualMachines/1.6.0.jdk/Contents/Home"/>
    <property name="sun.java.command" value="org.codehaus.plexus.classworlds.launcher.Launcher clean package"/>
    <property name="java.specification.vendor" value="Sun Microsystems Inc."/>
    <property name="user.language" value="ja"/>
    <property name="awt.toolkit" value="apple.awt.CToolkit"/>
    <property name="java.vm.info" value="mixed mode"/>
    <property name="java.version" value="1.6.0_45"/>
    <property name="java.ext.dirs" value="/Library/Java/Extensions:/System/Library/Java/Extensions:/System/Library/Java/JavaVirtualMachines/1.6.0.jdk/Contents/Home/lib/ext"/>
    <property name="sun.boot.class.path" value="/System/Library/Java/JavaVirtualMachines/1.6.0.jdk/Contents/Classes/jsfd.jar:/System/Library/Java/JavaVirtualMachines/1.6.0.jdk/Contents/Classes/classes.jar:/System/Library/Frameworks/JavaVM.framework/Frameworks/JavaRuntimeSupport.framework/Resources/Java/JavaRuntimeSupport.jar:/System/Library/Java/JavaVirtualMachines/1.6.0.jdk/Contents/Classes/ui.jar:/System/Library/Java/JavaVirtualMachines/1.6.0.jdk/Contents/Classes/laf.jar:/System/Library/Java/JavaVirtualMachines/1.6.0.jdk/Contents/Classes/sunrsasign.jar:/System/Library/Java/JavaVirtualMachines/1.6.0.jdk/Contents/Classes/jsse.jar:/System/Library/Java/JavaVirtualMachines/1.6.0.jdk/Contents/Classes/jce.jar:/System/Library/Java/JavaVirtualMachines/1.6.0.jdk/Contents/Classes/charsets.jar"/>
    <property name="java.vendor" value="Apple Inc."/>
    <property name="maven.home" value="/usr/share/maven"/>
    <property name="file.separator" value="/"/>
    <property name="java.vendor.url.bug" value="http://bugreport.apple.com/"/>
    <property name="sun.cpu.endian" value="little"/>
    <property name="sun.io.unicode.encoding" value="UnicodeLittle"/>
    <property name="mrj.version" value="1060.1.6.0_45-451"/>
    <property name="socksNonProxyHosts" value="local|*.local|169.254/16|*.169.254/16"/>
    <property name="ftp.nonProxyHosts" value="local|*.local|169.254/16|*.169.254/16"/>
    <property name="sun.cpu.isalist" value=""/>
  </properties>
  <testcase name="testPart1JobFlow" classname="ironpeace.jobflow.Part1JobFlowTest" time="12.244">
    <failure message="&#10;Middata1: 結果に対する期待値がありません: キー={}: expected &lt;null&gt;, but was &lt;{user-type=&quot;1&quot;, userid=&quot;1111&quot;}&gt;&#10;Middata2: 結果に対する期待値がありません: キー={}: expected &lt;null&gt;, but was &lt;{user-type=&quot;2&quot;, userid=&quot;TWO_222&quot;}&gt;&#10;" type="java.lang.AssertionError"><![CDATA[java.lang.AssertionError: 
Middata1: 結果に対する期待値がありません: キー={}: expected <null>, but was <{user-type="1", userid="1111"}>
Middata2: 結果に対する期待値がありません: キー={}: expected <null>, but was <{user-type="2", userid="TWO_222"}>

	at com.asakusafw.testdriver.JobflowExecutor.verify(JobflowExecutor.java:505)
	at com.asakusafw.testdriver.FlowPartTester.runTestInternal(FlowPartTester.java:146)
	at com.asakusafw.testdriver.FlowPartTester.runTest(FlowPartTester.java:92)
	at ironpeace.jobflow.Part1JobFlowTest.testPart1JobFlow(Part1JobFlowTest.java:33)
]]></failure>
    <system-out>10:15:28 [main] INFO  c.a.testdriver.FlowPartDriverInput - Import Path=target/testdriver/hadoopwork/${execution_id}/input/originaldata
10:15:28 [main] INFO  c.a.testdriver.FlowPartDriverInput - prepare - ModelType:class ironpeace.modelgen.dmdl.model.OriginalData, SourcePath:original_data.xls#input
10:15:28 [main] INFO  c.a.testdriver.DriverInputBase - Source URI:file:/Users/ITPUser/dev/asakusa/asakusa-develop/workspace/flowpartsample/target/test-classes/ironpeace/jobflow/original_data.xls#input
10:15:28 [main] INFO  c.a.testdriver.FlowPartDriverOutput - Export Path=target/testdriver/hadoopwork/${execution_id}/output/middata1-*
10:15:28 [main] INFO  c.a.testdriver.FlowPartDriverOutput - verify - ModelType:class ironpeace.modelgen.dmdl.model.Middata1
10:15:28 [main] INFO  c.a.testdriver.FlowPartDriverOutput - Export Path=target/testdriver/hadoopwork/${execution_id}/output/middata2-*
10:15:28 [main] INFO  c.a.testdriver.FlowPartDriverOutput - verify - ModelType:class ironpeace.modelgen.dmdl.model.Middata2
10:15:28 [main] INFO  c.a.testdriver.FlowPartTester - テストを開始しています: ironpeace.jobflow.Part1JobFlowTest
10:15:28 [main] INFO  c.a.testdriver.FlowPartTester - フロー部品をコンパイルしています: ironpeace.jobflow.Part1JobFlow
10:15:28 [main] INFO  c.a.c.r.SpiDataClassRepository - データモデルクラスのプラグインを読み出します
10:15:28 [main] INFO  c.a.c.r.SpiExternalIoDescriptionProcessorRepository - 外部入出力のプラグインを読み出します
10:15:28 [main] INFO  c.a.c.r.SpiFlowElementProcessorRepository - フロー要素プロセッサのプラグインを読み出します
10:15:28 [main] INFO  c.a.c.r.SpiFlowGraphRewriterRepository - グラフ書き換えプラグインを読み出します
10:15:28 [main] INFO  c.a.c.f.external.ExternalIoAnalyzer - ironpeace.jobflow.Part1JobFlowの入出力を検証しています
10:15:28 [main] INFO  c.a.compiler.flow.plan.StagePlanner - FlowGraph(ironpeace.jobflow.Part1JobFlow)の実行計画を計算中
10:15:28 [main] INFO  c.a.c.flow.logging.LoggingFilter - デバッグ用のロギング演算子を削除しています
10:15:28 [main] INFO  c.a.c.flow.stage.StageCompiler - ステージグラフの各ステージをironpeace.jobflow.Part1JobFlowをコンパイルします
10:15:28 [main] INFO  c.a.c.flow.stage.StageCompiler - ステージブロックStageBlock(id=1, maps=1, reduces=0)をコンパイルします
10:15:28 [main] INFO  c.a.c.flow.stage.ShuffleAnalyzer - StageBlock(id=1, maps=1, reduces=0)で行われるシャッフルフェーズについて分析します
10:15:29 [main] INFO  c.a.c.flow.jobflow.JobflowCompiler - Compilation Report: testing - flowpart
10:15:29 [main] INFO  c.a.c.flow.jobflow.JobflowCompiler - Imports: 1
10:15:29 [main] INFO  c.a.c.flow.jobflow.JobflowCompiler - Exports: 2
10:15:29 [main] INFO  c.a.c.flow.jobflow.JobflowCompiler - Stages : 1
10:15:29 [main] INFO  c.a.c.flow.packager.FilePackager - 生成されたソースファイルをコンパイルしています (9個のファイル)
10:15:30 [main] INFO  c.a.c.flow.packager.FilePackager - コンパイル結果をパッケージングします
10:15:30 [main] INFO  c.a.testdriver.FlowPartTester - テスト環境を初期化しています: ironpeace.jobflow.Part1JobFlowTest
10:15:31 [main] INFO  c.a.t.t.TemporaryInputPreparator - Deleting input: TemporaryImporter([target/testdriver/hadoopwork/${execution_id}/input/originaldata])
10:15:31 [main] INFO  c.a.t.t.TemporaryOutputRetriever - Deleting output directory: TemporaryExporter(target/testdriver/hadoopwork/${execution_id}/output/middata1-*)
10:15:31 [main] WARN  c.a.t.t.TemporaryOutputRetriever - Output directory will be deleted: target/testdriver/hadoopwork/Part1JobFlowTest-testing-flowpart/output
10:15:31 [main] INFO  c.a.t.t.TemporaryOutputRetriever - Deleting output directory: TemporaryExporter(target/testdriver/hadoopwork/${execution_id}/output/middata2-*)
10:15:31 [main] WARN  c.a.t.t.TemporaryOutputRetriever - Output directory will be deleted: target/testdriver/hadoopwork/Part1JobFlowTest-testing-flowpart/output
10:15:31 [main] INFO  c.a.testdriver.FlowPartTester - テストデータを配置しています: ironpeace.jobflow.Part1JobFlowTest
10:15:31 [main] INFO  c.a.t.t.TemporaryInputPreparator - Preparing input: TemporaryImporter([target/testdriver/hadoopwork/${execution_id}/input/originaldata])
10:15:31 [main] WARN  o.a.hadoop.util.NativeCodeLoader - Unable to load native-hadoop library for your platform... using builtin-java classes where applicable
10:15:31 [main] INFO  o.a.hadoop.io.compress.CodecPool - Got brand-new compressor
10:15:31 [main] INFO  c.a.t.excel.ExcelSheetSourceProvider - Excelシートをデータソースに利用します: file:/Users/ITPUser/dev/asakusa/asakusa-develop/workspace/flowpartsample/target/test-classes/ironpeace/jobflow/original_data.xls#input
10:15:31 [main] INFO  c.a.testdriver.FlowPartTester - フロー部品を実行しています: ironpeace.jobflow.Part1JobFlow
10:15:31 [main] INFO  c.a.testdriver.JobflowExecutor - [COMMAND] /Users/ITPUser/asakusa-develop/asakusa/testing/libexec/hadoop-execute.sh /Users/ITPUser/dev/asakusa/asakusa-develop/workspace/flowpartsample/target/testdriver/batchcwork/jobflow-flowpart.jar test.flowpart.testing.flowpart.stage0001.StageClient -D com.asakusafw.executionId=Part1JobFlowTest-testing-flowpart -D com.asakusafw.batchArgs= -D com.asakusafw.user=ITPUser
Starting TestDriver Hadoop Job:
 Hadoop Command: /Users/ITPUser/asakusa-develop/hadoop/bin/hadoop
    App Library: /Users/ITPUser/dev/asakusa/asakusa-develop/workspace/flowpartsample/target/testdriver/batchcwork/jobflow-flowpart.jar
   Execution ID: 
          Class: test.flowpart.testing.flowpart.stage0001.StageClient
  Defined Props: 
    Extra Props: -D com.asakusafw.executionId=Part1JobFlowTest-testing-flowpart -D com.asakusafw.batchArgs= -D com.asakusafw.user=ITPUser
13/06/04 10:15:33 INFO stage.AbstractStageClient: Hadoop Job Client: test.flowpart.testing.flowpart.stage0001.StageClient
13/06/04 10:15:33 INFO stage.AbstractStageClient: Hadoop Job Name: testing.flowpart.stage0001
13/06/04 10:15:33 INFO stage.AbstractStageClient: Input: path=target/testdriver/hadoopwork/Part1JobFlowTest-testing-flowpart/input/originaldata, format=com.asakusafw.runtime.stage.input.TemporaryInputFormat, mapper=test.flowpart.testing.flowpart.stage0001.StageMapper1, attributes={}
13/06/04 10:15:33 INFO stage.AbstractStageClient: Output: path=target/testdriver/hadoopwork/Part1JobFlowTest-testing-flowpart/temp/testing/flowpart/stage0001/result0-*, format=com.asakusafw.runtime.stage.output.TemporaryOutputFormat, key=org.apache.hadoop.io.NullWritable, value=ironpeace.modelgen.dmdl.model.Middata1, attributes={}
13/06/04 10:15:33 INFO stage.AbstractStageClient: Output: path=target/testdriver/hadoopwork/Part1JobFlowTest-testing-flowpart/temp/testing/flowpart/stage0001/result10-*, format=com.asakusafw.runtime.stage.output.TemporaryOutputFormat, key=org.apache.hadoop.io.NullWritable, value=ironpeace.modelgen.dmdl.model.Middata2, attributes={}
13/06/04 10:15:33 INFO stage.AbstractStageClient: Reducer: N/A
13/06/04 10:15:33 INFO stage.AbstractStageClient: Submitting Job: testing.flowpart.stage0001
13/06/04 10:15:33 WARN util.NativeCodeLoader: Unable to load native-hadoop library for your platform... using builtin-java classes where applicable
13/06/04 10:15:34 INFO input.FileInputFormat: Total input paths to process : 1
13/06/04 10:15:34 INFO filecache.TrackerDistributedCacheManager: Creating jobflow-flowpart.jar in /tmp/hadoop-ITPUser/mapred/local/archive/-886778891379695507_-1181870537_213963214/file/Users/ITPUser/dev/asakusa/asakusa-develop/workspace/flowpartsample/target/testdriver/batchcwork/jobflow-flowpart.jar-work-4615728839729997388 with rwxr-xr-x
13/06/04 10:15:34 INFO filecache.TrackerDistributedCacheManager: Extracting /tmp/hadoop-ITPUser/mapred/local/archive/-886778891379695507_-1181870537_213963214/file/Users/ITPUser/dev/asakusa/asakusa-develop/workspace/flowpartsample/target/testdriver/batchcwork/jobflow-flowpart.jar-work-4615728839729997388/jobflow-flowpart.jar to /tmp/hadoop-ITPUser/mapred/local/archive/-886778891379695507_-1181870537_213963214/file/Users/ITPUser/dev/asakusa/asakusa-develop/workspace/flowpartsample/target/testdriver/batchcwork/jobflow-flowpart.jar-work-4615728839729997388
13/06/04 10:15:34 INFO filecache.TrackerDistributedCacheManager: Cached file:///Users/ITPUser/dev/asakusa/asakusa-develop/workspace/flowpartsample/target/testdriver/batchcwork/jobflow-flowpart.jar as /tmp/hadoop-ITPUser/mapred/local/archive/-886778891379695507_-1181870537_213963214/file/Users/ITPUser/dev/asakusa/asakusa-develop/workspace/flowpartsample/target/testdriver/batchcwork/jobflow-flowpart.jar
13/06/04 10:15:34 INFO filecache.TrackerDistributedCacheManager: Creating asakusa-runtime-all.jar in /tmp/hadoop-ITPUser/mapred/local/archive/-1683806203163995824_1915111154_123561214/file/Users/ITPUser/asakusa-develop/asakusa/core/lib/asakusa-runtime-all.jar-work--7174743345095132095 with rwxr-xr-x
13/06/04 10:15:34 INFO filecache.TrackerDistributedCacheManager: Extracting /tmp/hadoop-ITPUser/mapred/local/archive/-1683806203163995824_1915111154_123561214/file/Users/ITPUser/asakusa-develop/asakusa/core/lib/asakusa-runtime-all.jar-work--7174743345095132095/asakusa-runtime-all.jar to /tmp/hadoop-ITPUser/mapred/local/archive/-1683806203163995824_1915111154_123561214/file/Users/ITPUser/asakusa-develop/asakusa/core/lib/asakusa-runtime-all.jar-work--7174743345095132095
13/06/04 10:15:34 INFO filecache.TrackerDistributedCacheManager: Cached file:///Users/ITPUser/asakusa-develop/asakusa/core/lib/asakusa-runtime-all.jar as /tmp/hadoop-ITPUser/mapred/local/archive/-1683806203163995824_1915111154_123561214/file/Users/ITPUser/asakusa-develop/asakusa/core/lib/asakusa-runtime-all.jar
13/06/04 10:15:34 INFO filecache.TrackerDistributedCacheManager: Creating asakusa-thundergate-runtime.jar in /tmp/hadoop-ITPUser/mapred/local/archive/-5228272680454336334_1904919680_123559214/file/Users/ITPUser/asakusa-develop/asakusa/core/lib/asakusa-thundergate-runtime.jar-work-2095301946933447904 with rwxr-xr-x
13/06/04 10:15:34 INFO filecache.TrackerDistributedCacheManager: Extracting /tmp/hadoop-ITPUser/mapred/local/archive/-5228272680454336334_1904919680_123559214/file/Users/ITPUser/asakusa-develop/asakusa/core/lib/asakusa-thundergate-runtime.jar-work-2095301946933447904/asakusa-thundergate-runtime.jar to /tmp/hadoop-ITPUser/mapred/local/archive/-5228272680454336334_1904919680_123559214/file/Users/ITPUser/asakusa-develop/asakusa/core/lib/asakusa-thundergate-runtime.jar-work-2095301946933447904
13/06/04 10:15:35 INFO filecache.TrackerDistributedCacheManager: Cached file:///Users/ITPUser/asakusa-develop/asakusa/core/lib/asakusa-thundergate-runtime.jar as /tmp/hadoop-ITPUser/mapred/local/archive/-5228272680454336334_1904919680_123559214/file/Users/ITPUser/asakusa-develop/asakusa/core/lib/asakusa-thundergate-runtime.jar
13/06/04 10:15:35 INFO stage.AbstractStageClient: Job Submitted: id=job_local_0001, name=testing.flowpart.stage0001
13/06/04 10:15:35 INFO mapred.JobClient: Running job: job_local_0001
13/06/04 10:15:35 INFO mapred.Task:  Using ResourceCalculatorPlugin : null
13/06/04 10:15:35 INFO compress.CodecPool: Got brand-new decompressor
13/06/04 10:15:35 INFO mapred.Task: Task:attempt_local_0001_m_000000_0 is done. And is in the process of commiting
13/06/04 10:15:35 INFO mapred.LocalJobRunner: 
13/06/04 10:15:35 INFO mapred.Task: Task attempt_local_0001_m_000000_0 is allowed to commit now
13/06/04 10:15:35 INFO output.FileOutputCommitter: Saved output of task 'attempt_local_0001_m_000000_0' to target/testdriver/hadoopwork/Part1JobFlowTest-testing-flowpart/temp/testing/flowpart/stage0001
13/06/04 10:15:35 INFO mapred.LocalJobRunner: 
13/06/04 10:15:35 INFO mapred.Task: Task 'attempt_local_0001_m_000000_0' done.
13/06/04 10:15:36 INFO mapred.JobClient:  map 100% reduce 0%
13/06/04 10:15:36 INFO mapred.JobClient: Job complete: job_local_0001
13/06/04 10:15:36 INFO mapred.JobClient: Counters: 11
13/06/04 10:15:36 INFO mapred.JobClient:   com.asakusafw.stage.output.RecordCounters
13/06/04 10:15:36 INFO mapred.JobClient:     result0=1
13/06/04 10:15:36 INFO mapred.JobClient:     result10=1
13/06/04 10:15:36 INFO mapred.JobClient:   File Output Format Counters 
13/06/04 10:15:36 INFO mapred.JobClient:     Bytes Written=0
13/06/04 10:15:36 INFO mapred.JobClient:   File Input Format Counters 
13/06/04 10:15:36 INFO mapred.JobClient:     Bytes Read=0
13/06/04 10:15:36 INFO mapred.JobClient:   FileSystemCounters
13/06/04 10:15:36 INFO mapred.JobClient:     FILE_BYTES_READ=552667
13/06/04 10:15:36 INFO mapred.JobClient:     FILE_BYTES_WRITTEN=615424
13/06/04 10:15:36 INFO mapred.JobClient:   Map-Reduce Framework
13/06/04 10:15:36 INFO mapred.JobClient:     Map input records=3
13/06/04 10:15:36 INFO mapred.JobClient:     Spilled Records=0
13/06/04 10:15:36 INFO mapred.JobClient:     Total committed heap usage (bytes)=85000192
13/06/04 10:15:36 INFO mapred.JobClient:     SPLIT_RAW_BYTES=330
13/06/04 10:15:36 INFO mapred.JobClient:     Map output records=2
13/06/04 10:15:36 INFO stage.AbstractStageClient: Job Finished: elapsed=[2559]ms, succeed=true, id=job_local_0001, name=testing.flowpart.stage0001
10:15:36 [main] INFO  c.a.testdriver.JobflowExecutor - [COMMAND] /Users/ITPUser/asakusa-develop/asakusa/testing/libexec/hadoop-execute.sh /Users/ITPUser/dev/asakusa/asakusa-develop/workspace/flowpartsample/target/testdriver/batchcwork/jobflow-flowpart.jar test.flowpart.testing.flowpart.temporary.output.epilogue.StageClient -D com.asakusafw.executionId=Part1JobFlowTest-testing-flowpart -D com.asakusafw.batchArgs= -D com.asakusafw.user=ITPUser
Starting TestDriver Hadoop Job:
 Hadoop Command: /Users/ITPUser/asakusa-develop/hadoop/bin/hadoop
    App Library: /Users/ITPUser/dev/asakusa/asakusa-develop/workspace/flowpartsample/target/testdriver/batchcwork/jobflow-flowpart.jar
   Execution ID: 
          Class: test.flowpart.testing.flowpart.temporary.output.epilogue.StageClient
  Defined Props: 
    Extra Props: -D com.asakusafw.executionId=Part1JobFlowTest-testing-flowpart -D com.asakusafw.batchArgs= -D com.asakusafw.user=ITPUser
13/06/04 10:15:37 INFO stage.AbstractStageClient: Hadoop Job Client: test.flowpart.testing.flowpart.temporary.output.epilogue.StageClient
13/06/04 10:15:37 INFO stage.AbstractStageClient: Hadoop Job Name: testing.flowpart.epilogue.temporary.output
13/06/04 10:15:37 INFO stage.AbstractStageClient: Input: path=target/testdriver/hadoopwork/Part1JobFlowTest-testing-flowpart/temp/testing/flowpart/stage0001/result0-*, format=com.asakusafw.runtime.stage.input.TemporaryInputFormat, mapper=test.flowpart.testing.flowpart.temporary.output.epilogue.middata1.StageMapper0, attributes={}
13/06/04 10:15:37 INFO stage.AbstractStageClient: Input: path=target/testdriver/hadoopwork/Part1JobFlowTest-testing-flowpart/temp/testing/flowpart/stage0001/result10-*, format=com.asakusafw.runtime.stage.input.TemporaryInputFormat, mapper=test.flowpart.testing.flowpart.temporary.output.epilogue.middata2.StageMapper0, attributes={}
13/06/04 10:15:37 INFO stage.AbstractStageClient: Output: path=target/testdriver/hadoopwork/Part1JobFlowTest-testing-flowpart/output/middata1-*, format=com.asakusafw.runtime.stage.output.TemporaryOutputFormat, key=org.apache.hadoop.io.NullWritable, value=ironpeace.modelgen.dmdl.model.Middata1, attributes={}
13/06/04 10:15:37 INFO stage.AbstractStageClient: Output: path=target/testdriver/hadoopwork/Part1JobFlowTest-testing-flowpart/output/middata2-*, format=com.asakusafw.runtime.stage.output.TemporaryOutputFormat, key=org.apache.hadoop.io.NullWritable, value=ironpeace.modelgen.dmdl.model.Middata2, attributes={}
13/06/04 10:15:37 INFO stage.AbstractStageClient: Reducer: N/A
13/06/04 10:15:37 INFO stage.AbstractStageClient: Submitting Job: testing.flowpart.epilogue.temporary.output
13/06/04 10:15:37 WARN util.NativeCodeLoader: Unable to load native-hadoop library for your platform... using builtin-java classes where applicable
13/06/04 10:15:38 INFO input.FileInputFormat: Total input paths to process : 1
13/06/04 10:15:38 INFO input.FileInputFormat: Total input paths to process : 1
13/06/04 10:15:38 INFO filecache.TrackerDistributedCacheManager: Creating jobflow-flowpart.jar in /tmp/hadoop-ITPUser/mapred/local/archive/-244278656078872339_-1181870537_213963214/file/Users/ITPUser/dev/asakusa/asakusa-develop/workspace/flowpartsample/target/testdriver/batchcwork/jobflow-flowpart.jar-work-8330325944963461283 with rwxr-xr-x
13/06/04 10:15:38 INFO filecache.TrackerDistributedCacheManager: Extracting /tmp/hadoop-ITPUser/mapred/local/archive/-244278656078872339_-1181870537_213963214/file/Users/ITPUser/dev/asakusa/asakusa-develop/workspace/flowpartsample/target/testdriver/batchcwork/jobflow-flowpart.jar-work-8330325944963461283/jobflow-flowpart.jar to /tmp/hadoop-ITPUser/mapred/local/archive/-244278656078872339_-1181870537_213963214/file/Users/ITPUser/dev/asakusa/asakusa-develop/workspace/flowpartsample/target/testdriver/batchcwork/jobflow-flowpart.jar-work-8330325944963461283
13/06/04 10:15:38 INFO filecache.TrackerDistributedCacheManager: Cached file:///Users/ITPUser/dev/asakusa/asakusa-develop/workspace/flowpartsample/target/testdriver/batchcwork/jobflow-flowpart.jar as /tmp/hadoop-ITPUser/mapred/local/archive/-244278656078872339_-1181870537_213963214/file/Users/ITPUser/dev/asakusa/asakusa-develop/workspace/flowpartsample/target/testdriver/batchcwork/jobflow-flowpart.jar
13/06/04 10:15:38 INFO filecache.TrackerDistributedCacheManager: Creating asakusa-runtime-all.jar in /tmp/hadoop-ITPUser/mapred/local/archive/3760785780547388464_1915111154_123561214/file/Users/ITPUser/asakusa-develop/asakusa/core/lib/asakusa-runtime-all.jar-work--6485419073582054529 with rwxr-xr-x
13/06/04 10:15:38 INFO filecache.TrackerDistributedCacheManager: Extracting /tmp/hadoop-ITPUser/mapred/local/archive/3760785780547388464_1915111154_123561214/file/Users/ITPUser/asakusa-develop/asakusa/core/lib/asakusa-runtime-all.jar-work--6485419073582054529/asakusa-runtime-all.jar to /tmp/hadoop-ITPUser/mapred/local/archive/3760785780547388464_1915111154_123561214/file/Users/ITPUser/asakusa-develop/asakusa/core/lib/asakusa-runtime-all.jar-work--6485419073582054529
13/06/04 10:15:38 INFO filecache.TrackerDistributedCacheManager: Cached file:///Users/ITPUser/asakusa-develop/asakusa/core/lib/asakusa-runtime-all.jar as /tmp/hadoop-ITPUser/mapred/local/archive/3760785780547388464_1915111154_123561214/file/Users/ITPUser/asakusa-develop/asakusa/core/lib/asakusa-runtime-all.jar
13/06/04 10:15:39 INFO filecache.TrackerDistributedCacheManager: Creating asakusa-thundergate-runtime.jar in /tmp/hadoop-ITPUser/mapred/local/archive/8347016155392288863_1904919680_123559214/file/Users/ITPUser/asakusa-develop/asakusa/core/lib/asakusa-thundergate-runtime.jar-work--9072318276535372771 with rwxr-xr-x
13/06/04 10:15:39 INFO filecache.TrackerDistributedCacheManager: Extracting /tmp/hadoop-ITPUser/mapred/local/archive/8347016155392288863_1904919680_123559214/file/Users/ITPUser/asakusa-develop/asakusa/core/lib/asakusa-thundergate-runtime.jar-work--9072318276535372771/asakusa-thundergate-runtime.jar to /tmp/hadoop-ITPUser/mapred/local/archive/8347016155392288863_1904919680_123559214/file/Users/ITPUser/asakusa-develop/asakusa/core/lib/asakusa-thundergate-runtime.jar-work--9072318276535372771
13/06/04 10:15:39 INFO filecache.TrackerDistributedCacheManager: Cached file:///Users/ITPUser/asakusa-develop/asakusa/core/lib/asakusa-thundergate-runtime.jar as /tmp/hadoop-ITPUser/mapred/local/archive/8347016155392288863_1904919680_123559214/file/Users/ITPUser/asakusa-develop/asakusa/core/lib/asakusa-thundergate-runtime.jar
13/06/04 10:15:39 INFO stage.AbstractStageClient: Job Submitted: id=job_local_0001, name=testing.flowpart.epilogue.temporary.output
13/06/04 10:15:39 INFO mapred.JobClient: Running job: job_local_0001
13/06/04 10:15:39 INFO mapred.Task:  Using ResourceCalculatorPlugin : null
13/06/04 10:15:39 INFO mapred.Task: Task:attempt_local_0001_m_000000_0 is done. And is in the process of commiting
13/06/04 10:15:39 INFO mapred.LocalJobRunner: 
13/06/04 10:15:39 INFO mapred.Task: Task attempt_local_0001_m_000000_0 is allowed to commit now
13/06/04 10:15:39 INFO output.FileOutputCommitter: Saved output of task 'attempt_local_0001_m_000000_0' to target/testdriver/hadoopwork/Part1JobFlowTest-testing-flowpart/output
13/06/04 10:15:39 INFO mapred.LocalJobRunner: 
13/06/04 10:15:39 INFO mapred.Task: Task 'attempt_local_0001_m_000000_0' done.
13/06/04 10:15:39 INFO mapred.Task:  Using ResourceCalculatorPlugin : null
13/06/04 10:15:39 INFO mapred.Task: Task:attempt_local_0001_m_000001_0 is done. And is in the process of commiting
13/06/04 10:15:39 INFO mapred.LocalJobRunner: 
13/06/04 10:15:39 INFO mapred.Task: Task attempt_local_0001_m_000001_0 is allowed to commit now
13/06/04 10:15:39 INFO output.FileOutputCommitter: Saved output of task 'attempt_local_0001_m_000001_0' to target/testdriver/hadoopwork/Part1JobFlowTest-testing-flowpart/output
13/06/04 10:15:39 INFO mapred.LocalJobRunner: 
13/06/04 10:15:39 INFO mapred.Task: Task 'attempt_local_0001_m_000001_0' done.
13/06/04 10:15:40 INFO mapred.JobClient:  map 100% reduce 0%
13/06/04 10:15:40 INFO mapred.JobClient: Job complete: job_local_0001
13/06/04 10:15:40 INFO mapred.JobClient: Counters: 11
13/06/04 10:15:40 INFO mapred.JobClient:   com.asakusafw.stage.output.RecordCounters
13/06/04 10:15:40 INFO mapred.JobClient:     middata1=1
13/06/04 10:15:40 INFO mapred.JobClient:     middata2=1
13/06/04 10:15:40 INFO mapred.JobClient:   File Output Format Counters 
13/06/04 10:15:40 INFO mapred.JobClient:     Bytes Written=0
13/06/04 10:15:40 INFO mapred.JobClient:   FileSystemCounters
13/06/04 10:15:40 INFO mapred.JobClient:     FILE_BYTES_READ=1106978
13/06/04 10:15:40 INFO mapred.JobClient:     FILE_BYTES_WRITTEN=1231982
13/06/04 10:15:40 INFO mapred.JobClient:   File Input Format Counters 
13/06/04 10:15:40 INFO mapred.JobClient:     Bytes Read=0
13/06/04 10:15:40 INFO mapred.JobClient:   Map-Reduce Framework
13/06/04 10:15:40 INFO mapred.JobClient:     Map input records=2
13/06/04 10:15:40 INFO mapred.JobClient:     Spilled Records=0
13/06/04 10:15:40 INFO mapred.JobClient:     Total committed heap usage (bytes)=170000384
13/06/04 10:15:40 INFO mapred.JobClient:     Map output records=2
13/06/04 10:15:40 INFO mapred.JobClient:     SPLIT_RAW_BYTES=771
13/06/04 10:15:40 INFO stage.AbstractStageClient: Job Finished: elapsed=[2338]ms, succeed=true, id=job_local_0001, name=testing.flowpart.epilogue.temporary.output
10:15:40 [main] INFO  c.a.testdriver.FlowPartTester - 実行結果を検証しています: ironpeace.jobflow.Part1JobFlowTest
10:15:40 [main] INFO  c.a.t.t.TemporaryOutputRetriever - Retrieving output: TemporaryExporter(target/testdriver/hadoopwork/${execution_id}/output/middata1-*)
10:15:40 [main] INFO  c.a.t.excel.ExcelSheetRuleProvider - Excelシートをテスト条件に利用します: file:/Users/ITPUser/dev/asakusa/asakusa-develop/workspace/flowpartsample/target/test-classes/ironpeace/jobflow/middata1.xls#rule
10:15:40 [main] INFO  c.a.t.excel.ExcelSheetSourceProvider - Excelシートをデータソースに利用します: file:/Users/ITPUser/dev/asakusa/asakusa-develop/workspace/flowpartsample/target/test-classes/ironpeace/jobflow/middata1.xls#output
10:15:40 [main] WARN  c.a.t.e.ExcelSheetDataModelSource - 有効な値を含まない行はスキップします: (row=2, id=file:/Users/ITPUser/dev/asakusa/asakusa-develop/workspace/flowpartsample/target/test-classes/ironpeace/jobflow/middata1.xls#output)
10:15:40 [main] WARN  c.a.testdriver.JobflowExecutor - testing.flowpartの出力middata1には1個の差異があります
10:15:40 [main] INFO  c.a.t.t.TemporaryOutputRetriever - Retrieving output: TemporaryExporter(target/testdriver/hadoopwork/${execution_id}/output/middata2-*)
10:15:40 [main] INFO  c.a.t.excel.ExcelSheetRuleProvider - Excelシートをテスト条件に利用します: file:/Users/ITPUser/dev/asakusa/asakusa-develop/workspace/flowpartsample/target/test-classes/ironpeace/jobflow/middata2.xls#rule
10:15:40 [main] INFO  c.a.t.excel.ExcelSheetSourceProvider - Excelシートをデータソースに利用します: file:/Users/ITPUser/dev/asakusa/asakusa-develop/workspace/flowpartsample/target/test-classes/ironpeace/jobflow/middata2.xls#output
10:15:40 [main] WARN  c.a.t.e.ExcelSheetDataModelSource - 有効な値を含まない行はスキップします: (row=2, id=file:/Users/ITPUser/dev/asakusa/asakusa-develop/workspace/flowpartsample/target/test-classes/ironpeace/jobflow/middata2.xls#output)
10:15:40 [main] WARN  c.a.testdriver.JobflowExecutor - testing.flowpartの出力middata2には1個の差異があります
</system-out>
  </testcase>
</testsuite>